<?xml version="1.0" encoding="UTF-8"?>
<!-- Generated by org.testng.reporters.JUnitXMLReporter -->
<testsuite ignored="0" hostname="DESKTOP-D4J94E6" failures="2" tests="6" name="Test" time="0.143" errors="0" timestamp="2022-08-10T00:32:21 IST">
  <testcase classname="testNGListner.Listen2" name="method4" time="0.012"/>
  <testcase classname="testNGListner.Listen2" name="method5" time="0.006">
    <failure type="java.lang.AssertionError" message="null">
      <![CDATA[java.lang.AssertionError: null
at testNGListner.Listen2.method5(Listen2.java:18)
at java.base/java.util.ArrayList.forEach(ArrayList.java:1511)
... Removed 29 stack frames]]>
    </failure>
  </testcase> <!-- method5 -->
  <testcase classname="testNGListner.Listen2" name="method6" time="0.0">
    <skipped/>
  </testcase> <!-- method6 -->
  <testcase classname="testNGListner.Listen" name="method1" time="0.004"/>
  <testcase classname="testNGListner.Listen" name="method2" time="0.006">
    <failure type="java.lang.AssertionError" message="null">
      <![CDATA[java.lang.AssertionError: null
at testNGListner.Listen.method2(Listen.java:20)
at java.base/java.util.ArrayList.forEach(ArrayList.java:1511)
... Removed 29 stack frames]]>
    </failure>
  </testcase> <!-- method2 -->
  <testcase classname="testNGListner.Listen" name="method3" time="0.0">
    <skipped/>
  </testcase> <!-- method3 -->
</testsuite> <!-- Test -->
