<?xml version="1.0" encoding="UTF-8"?>
<!-- Generated by org.testng.reporters.JUnitXMLReporter -->
<testsuite ignored="2" hostname="DESKTOP-D4J94E6" failures="0" tests="1" name="Test(failed)" time="0.099" errors="0" timestamp="2022-07-27T11:27:10 IST">
  <testcase classname="testNG_Failed.Failed_testcases_2" name="e" time="0.014"/>
  <testcase classname="testNG_Failed.Failed_testcases_2" name="f" time="0.0">
    <ignored/>
  </testcase> <!-- f -->
  <testcase classname="testNG_Failed.Failed_testcases_2" name="d" time="0.0">
    <ignored/>
  </testcase> <!-- d -->
</testsuite> <!-- Test(failed) -->
